<?xml version="1.0" encoding="UTF-8"?>
<testsuite name="StartCss" tests="1" skipped="0" failures="0" errors="0" timestamp="2022-07-04T09:54:21" hostname="WORKBITCH" time="3.295">
  <properties/>
  <testcase name="startCssLocators" classname="StartCss" time="3.295"/>
  <system-out><![CDATA[]]></system-out>
  <system-err><![CDATA[Starting ChromeDriver 102.0.5005.61 (0e59bcc00cc4985ce39ad31c150065f159d95ad3-refs/branch-heads/5005@{#819}) on port 55531
Only local connections are allowed.
Please see https://chromedriver.chromium.org/security-considerations for suggestions on keeping ChromeDriver safe.
ChromeDriver was started successfully.
[1656928463.673][WARNING]: This version of ChromeDriver has not been tested with Chrome version 103.
Jul 04, 2022 12:54:23 PM org.openqa.selenium.remote.ProtocolHandshake createSession
INFO: Detected upstream dialect: W3C
Jul 04, 2022 12:54:23 PM org.openqa.selenium.devtools.CdpVersionFinder findNearestMatch
WARNING: Unable to find an exact match for CDP version 103, so returning the closest version found: 102
Jul 04, 2022 12:54:23 PM org.openqa.selenium.devtools.CdpVersionFinder findNearestMatch
INFO: Found CDP implementation for version 103 of 102
]]></system-err>
</testsuite>
